2022-02-10 17:16:30,274:INFO:PyCaret Supervised Module
2022-02-10 17:16:30,275:INFO:ML Usecase: classification
2022-02-10 17:16:30,275:INFO:version 2.3.6
2022-02-10 17:16:30,275:INFO:Initializing setup()
2022-02-10 17:16:30,275:INFO:setup(target=target, ml_usecase=classification, available_plots={'parameter': 'Hyperparameters', 'auc': 'AUC', 'confusion_matrix': 'Confusion Matrix', 'threshold': 'Threshold', 'pr': 'Precision Recall', 'error': 'Prediction Error', 'class_report': 'Class Report', 'rfe': 'Feature Selection', 'learning': 'Learning Curve', 'manifold': 'Manifold Learning', 'calibration': 'Calibration Curve', 'vc': 'Validation Curve', 'dimension': 'Dimensions', 'feature': 'Feature Importance', 'feature_all': 'Feature Importance (All)', 'boundary': 'Decision Boundary', 'lift': 'Lift Chart', 'gain': 'Gain Chart', 'tree': 'Decision Tree', 'ks': 'KS Statistic Plot'}, train_size=0.7, test_data=None, preprocess=True, imputation_type=simple, iterative_imputation_iters=5, categorical_features=None, categorical_imputation=constant, categorical_iterative_imputer=lightgbm, ordinal_features=None, high_cardinality_features=None, high_cardinality_method=frequency, numeric_features=None, numeric_imputation=mean, numeric_iterative_imputer=lightgbm, date_features=None, ignore_features=None, normalize=False, normalize_method=zscore, transformation=False, transformation_method=yeo-johnson, handle_unknown_categorical=True, unknown_categorical_method=least_frequent, pca=False, pca_method=linear, pca_components=None, ignore_low_variance=False, combine_rare_levels=False, rare_level_threshold=0.1, bin_numeric_features=None, remove_outliers=False, outliers_threshold=0.05, remove_multicollinearity=False, multicollinearity_threshold=0.9, remove_perfect_collinearity=True, create_clusters=False, cluster_iter=20, polynomial_features=False, polynomial_degree=2, trigonometry_features=False, polynomial_threshold=0.1, group_features=None, group_names=None, feature_selection=False, feature_selection_threshold=0.8, feature_selection_method=classic, feature_interaction=False, feature_ratio=False, interaction_threshold=0.01, fix_imbalance=False, fix_imbalance_method=None, transform_target=False, transform_target_method=box-cox, data_split_shuffle=True, data_split_stratify=False, fold_strategy=stratifiedkfold, fold=10, fold_shuffle=False, fold_groups=None, n_jobs=7, use_gpu=False, custom_pipeline=None, html=True, session_id=0, log_experiment=False, experiment_name=None, log_plots=False, log_profile=False, log_data=False, silent=True, verbose=True, profile=False, profile_kwargs=None, display=None)
2022-02-10 17:16:30,275:INFO:Checking environment
2022-02-10 17:16:30,275:INFO:python_version: 3.8.12
2022-02-10 17:16:30,275:INFO:python_build: ('default', 'Oct 12 2021 21:22:46')
2022-02-10 17:16:30,275:INFO:machine: AMD64
2022-02-10 17:16:30,275:INFO:platform: Windows-10-10.0.19043-SP0
2022-02-10 17:16:30,275:INFO:Memory: svmem(total=16889782272, available=7153274880, percent=57.6, used=9736507392, free=7153274880)
2022-02-10 17:16:30,275:INFO:Physical Core: 4
2022-02-10 17:16:30,275:INFO:Logical Core: 8
2022-02-10 17:16:30,275:INFO:Checking libraries
2022-02-10 17:16:30,275:INFO:pd==1.3.4
2022-02-10 17:16:30,275:INFO:numpy==1.19.5
2022-02-10 17:16:30,275:INFO:sklearn==0.23.2
2022-02-10 17:16:30,276:INFO:lightgbm==3.2.1
2022-02-10 17:16:30,276:WARNING:catboost not found
2022-02-10 17:16:30,277:WARNING:xgboost not found
2022-02-10 17:16:30,973:INFO:mlflow==1.23.1
2022-02-10 17:16:30,973:INFO:Checking Exceptions
2022-02-10 17:16:30,973:INFO:Declaring global variables
2022-02-10 17:16:30,973:INFO:USI: 6c50
2022-02-10 17:16:30,974:INFO:pycaret_globals: {'_internal_pipeline', 'fold_generator', 'fold_groups_param', '_all_models_internal', 'stratify_param', 'gpu_param', 'n_jobs_param', 'seed', 'transform_target_method_param', 'y_train', 'fold_param', 'iterative_imputation_iters_param', '_ml_usecase', 'html_param', 'X_train', 'y_test', 'prep_pipe', 'imputation_classifier', 'imputation_regressor', 'logging_param', 'exp_name_log', '_all_models', 'fold_groups_param_full', 'data_before_preprocess', 'experiment__', 'target_param', 'create_model_container', 'fold_shuffle_param', 'y', 'X', 'display_container', 'fix_imbalance_param', '_available_plots', '_gpu_n_jobs_param', 'log_plots_param', 'transform_target_param', 'fix_imbalance_method_param', 'master_model_container', 'pycaret_globals', '_all_metrics', 'X_test', 'USI'}
2022-02-10 17:16:30,974:INFO:Preparing display monitor
2022-02-10 17:16:30,974:INFO:Preparing display monitor
2022-02-10 17:16:30,985:INFO:Importing libraries
2022-02-10 17:16:30,985:INFO:Copying data for preprocessing
2022-02-10 17:16:30,994:INFO:Declaring preprocessing parameters
2022-02-10 17:16:30,996:INFO:Creating preprocessing pipeline
2022-02-10 17:16:31,012:INFO:Preprocessing pipeline created successfully
2022-02-10 17:16:31,012:ERROR:(Process Exit): setup has been interupted with user command 'quit'. setup must rerun.
2022-02-10 17:16:31,012:INFO:Creating global containers
2022-02-10 17:16:31,014:INFO:Internal pipeline: Pipeline(memory=None, steps=[('empty_step', 'passthrough')], verbose=False)
2022-02-10 17:16:31,474:WARNING:Couldn't import xgboost.XGBClassifier
2022-02-10 17:16:31,474:WARNING:Couldn't import catboost.CatBoostClassifier
2022-02-10 17:16:31,554:WARNING:Couldn't import xgboost.XGBClassifier
2022-02-10 17:16:31,555:WARNING:Couldn't import catboost.CatBoostClassifier
2022-02-10 17:16:31,555:INFO:Creating grid variables
2022-02-10 17:16:31,568:INFO:create_model_container: 0
2022-02-10 17:16:31,568:INFO:master_model_container: 0
2022-02-10 17:16:31,568:INFO:display_container: 1
2022-02-10 17:16:31,576:INFO:Pipeline(memory=None,
         steps=[('dtypes',
                 DataTypes_Auto_infer(categorical_features=[],
                                      display_types=False, features_todrop=[],
                                      id_columns=[],
                                      ml_usecase='classification',
                                      numerical_features=[], target='target',
                                      time_features=[])),
                ('imputer',
                 Simple_Imputer(categorical_strategy='not_available',
                                fill_value_categorical=None,
                                fill_value_numerical=None,
                                numeric_stra...
                ('scaling', 'passthrough'), ('P_transform', 'passthrough'),
                ('binn', 'passthrough'), ('rem_outliers', 'passthrough'),
                ('cluster_all', 'passthrough'),
                ('dummy', Dummify(target='target')),
                ('fix_perfect', Remove_100(target='target')),
                ('clean_names', Clean_Colum_Names()),
                ('feature_select', 'passthrough'), ('fix_multi', 'passthrough'),
                ('dfs', 'passthrough'), ('pca', 'passthrough')],
         verbose=False)
2022-02-10 17:16:31,576:INFO:setup() succesfully completed......................................
2022-02-10 17:17:01,208:INFO:Initializing compare_models()
2022-02-10 17:17:01,208:INFO:compare_models(include=None, fold=10, round=4, cross_validation=True, sort=Accuracy, n_select=3, budget_time=None, turbo=True, errors=ignore, fit_kwargs=None, groups=None, probability_threshold=None, verbose=True, display=None, exclude=None)
2022-02-10 17:17:01,208:INFO:Checking exceptions
2022-02-10 17:17:01,209:INFO:Preparing display monitor
2022-02-10 17:17:01,209:INFO:Preparing display monitor
2022-02-10 17:17:01,236:INFO:Initializing Logistic Regression
2022-02-10 17:17:01,236:INFO:Total runtime is 0.0 minutes
2022-02-10 17:17:01,247:INFO:SubProcess create_model() called ==================================
2022-02-10 17:17:01,247:INFO:Initializing create_model()
2022-02-10 17:17:01,248:INFO:create_model(estimator=lr, fold=StratifiedKFold(n_splits=10, random_state=None, shuffle=False), round=4, cross_validation=True, predict=True, fit_kwargs={}, groups=None, refit=False, verbose=False, system=False, metrics=None, add_to_model_list=True, probability_threshold=None, display=<pycaret.internal.Display.Display object at 0x000001DD0D8AE310>, kwargs={})
2022-02-10 17:17:01,248:INFO:Checking exceptions
2022-02-10 17:17:01,248:INFO:Importing libraries
2022-02-10 17:17:01,248:INFO:Copying training dataset
2022-02-10 17:17:01,249:INFO:Defining folds
2022-02-10 17:17:01,250:INFO:Declaring metric variables
2022-02-10 17:17:01,259:INFO:Importing untrained model
2022-02-10 17:17:01,266:INFO:Logistic Regression Imported succesfully
2022-02-10 17:17:01,283:INFO:Starting cross validation
2022-02-10 17:17:01,284:INFO:Cross validating with StratifiedKFold(n_splits=10, random_state=None, shuffle=False), n_jobs=7
2022-02-10 17:17:06,814:INFO:Calculating mean and std
2022-02-10 17:17:06,815:INFO:Creating metrics dataframe
2022-02-10 17:17:06,818:INFO:Uploading results into container
2022-02-10 17:17:06,818:INFO:Uploading model into container now
2022-02-10 17:17:06,818:INFO:create_model_container: 1
2022-02-10 17:17:06,818:INFO:master_model_container: 1
2022-02-10 17:17:06,818:INFO:display_container: 2
2022-02-10 17:17:06,818:INFO:LogisticRegression(C=1.0, class_weight=None, dual=False, fit_intercept=True,
                   intercept_scaling=1, l1_ratio=None, max_iter=1000,
                   multi_class='auto', n_jobs=None, penalty='l2',
                   random_state=0, solver='lbfgs', tol=0.0001, verbose=0,
                   warm_start=False)
2022-02-10 17:17:06,818:INFO:create_model() succesfully completed......................................
2022-02-10 17:17:06,919:INFO:SubProcess create_model() end ==================================
2022-02-10 17:17:06,919:INFO:Creating metrics dataframe
2022-02-10 17:17:06,931:INFO:Initializing K Neighbors Classifier
2022-02-10 17:17:06,931:INFO:Total runtime is 0.09492532014846802 minutes
2022-02-10 17:17:06,942:INFO:SubProcess create_model() called ==================================
2022-02-10 17:17:06,943:INFO:Initializing create_model()
2022-02-10 17:17:06,943:INFO:create_model(estimator=knn, fold=StratifiedKFold(n_splits=10, random_state=None, shuffle=False), round=4, cross_validation=True, predict=True, fit_kwargs={}, groups=None, refit=False, verbose=False, system=False, metrics=None, add_to_model_list=True, probability_threshold=None, display=<pycaret.internal.Display.Display object at 0x000001DD0D8AE310>, kwargs={})
2022-02-10 17:17:06,943:INFO:Checking exceptions
2022-02-10 17:17:06,943:INFO:Importing libraries
2022-02-10 17:17:06,943:INFO:Copying training dataset
2022-02-10 17:17:06,944:INFO:Defining folds
2022-02-10 17:17:06,944:INFO:Declaring metric variables
2022-02-10 17:17:06,950:INFO:Importing untrained model
2022-02-10 17:17:06,959:INFO:K Neighbors Classifier Imported succesfully
2022-02-10 17:17:06,976:INFO:Starting cross validation
2022-02-10 17:17:06,977:INFO:Cross validating with StratifiedKFold(n_splits=10, random_state=None, shuffle=False), n_jobs=7
2022-02-10 17:17:07,151:INFO:Calculating mean and std
2022-02-10 17:17:07,152:INFO:Creating metrics dataframe
2022-02-10 17:17:07,157:INFO:Uploading results into container
2022-02-10 17:17:07,157:INFO:Uploading model into container now
2022-02-10 17:17:07,157:INFO:create_model_container: 2
2022-02-10 17:17:07,157:INFO:master_model_container: 2
2022-02-10 17:17:07,157:INFO:display_container: 2
2022-02-10 17:17:07,158:INFO:KNeighborsClassifier(algorithm='auto', leaf_size=30, metric='minkowski',
                     metric_params=None, n_jobs=7, n_neighbors=5, p=2,
                     weights='uniform')
2022-02-10 17:17:07,158:INFO:create_model() succesfully completed......................................
2022-02-10 17:17:07,267:INFO:SubProcess create_model() end ==================================
2022-02-10 17:17:07,267:INFO:Creating metrics dataframe
2022-02-10 17:17:07,283:INFO:Initializing Naive Bayes
2022-02-10 17:17:07,283:INFO:Total runtime is 0.10078537464141846 minutes
2022-02-10 17:17:07,291:INFO:SubProcess create_model() called ==================================
2022-02-10 17:17:07,292:INFO:Initializing create_model()
2022-02-10 17:17:07,292:INFO:create_model(estimator=nb, fold=StratifiedKFold(n_splits=10, random_state=None, shuffle=False), round=4, cross_validation=True, predict=True, fit_kwargs={}, groups=None, refit=False, verbose=False, system=False, metrics=None, add_to_model_list=True, probability_threshold=None, display=<pycaret.internal.Display.Display object at 0x000001DD0D8AE310>, kwargs={})
2022-02-10 17:17:07,292:INFO:Checking exceptions
2022-02-10 17:17:07,292:INFO:Importing libraries
2022-02-10 17:17:07,292:INFO:Copying training dataset
2022-02-10 17:17:07,293:INFO:Defining folds
2022-02-10 17:17:07,293:INFO:Declaring metric variables
2022-02-10 17:17:07,315:INFO:Importing untrained model
2022-02-10 17:17:07,323:INFO:Naive Bayes Imported succesfully
2022-02-10 17:17:07,344:INFO:Starting cross validation
2022-02-10 17:17:07,345:INFO:Cross validating with StratifiedKFold(n_splits=10, random_state=None, shuffle=False), n_jobs=7
2022-02-10 17:17:07,407:INFO:Calculating mean and std
2022-02-10 17:17:07,408:INFO:Creating metrics dataframe
2022-02-10 17:17:07,412:INFO:Uploading results into container
2022-02-10 17:17:07,412:INFO:Uploading model into container now
2022-02-10 17:17:07,412:INFO:create_model_container: 3
2022-02-10 17:17:07,412:INFO:master_model_container: 3
2022-02-10 17:17:07,412:INFO:display_container: 2
2022-02-10 17:17:07,413:INFO:GaussianNB(priors=None, var_smoothing=1e-09)
2022-02-10 17:17:07,413:INFO:create_model() succesfully completed......................................
2022-02-10 17:17:07,524:INFO:SubProcess create_model() end ==================================
2022-02-10 17:17:07,525:INFO:Creating metrics dataframe
2022-02-10 17:17:07,537:INFO:Initializing Decision Tree Classifier
2022-02-10 17:17:07,538:INFO:Total runtime is 0.10504022041956583 minutes
2022-02-10 17:17:07,547:INFO:SubProcess create_model() called ==================================
2022-02-10 17:17:07,547:INFO:Initializing create_model()
2022-02-10 17:17:07,547:INFO:create_model(estimator=dt, fold=StratifiedKFold(n_splits=10, random_state=None, shuffle=False), round=4, cross_validation=True, predict=True, fit_kwargs={}, groups=None, refit=False, verbose=False, system=False, metrics=None, add_to_model_list=True, probability_threshold=None, display=<pycaret.internal.Display.Display object at 0x000001DD0D8AE310>, kwargs={})
2022-02-10 17:17:07,548:INFO:Checking exceptions
2022-02-10 17:17:07,548:INFO:Importing libraries
2022-02-10 17:17:07,548:INFO:Copying training dataset
2022-02-10 17:17:07,549:INFO:Defining folds
2022-02-10 17:17:07,549:INFO:Declaring metric variables
2022-02-10 17:17:07,557:INFO:Importing untrained model
2022-02-10 17:17:07,565:INFO:Decision Tree Classifier Imported succesfully
2022-02-10 17:17:07,584:INFO:Starting cross validation
2022-02-10 17:17:07,584:INFO:Cross validating with StratifiedKFold(n_splits=10, random_state=None, shuffle=False), n_jobs=7
2022-02-10 17:17:07,676:INFO:Calculating mean and std
2022-02-10 17:17:07,678:INFO:Creating metrics dataframe
2022-02-10 17:17:07,682:INFO:Uploading results into container
2022-02-10 17:17:07,682:INFO:Uploading model into container now
2022-02-10 17:17:07,682:INFO:create_model_container: 4
2022-02-10 17:17:07,682:INFO:master_model_container: 4
2022-02-10 17:17:07,682:INFO:display_container: 2
2022-02-10 17:17:07,683:INFO:DecisionTreeClassifier(ccp_alpha=0.0, class_weight=None, criterion='gini',
                       max_depth=None, max_features=None, max_leaf_nodes=None,
                       min_impurity_decrease=0.0, min_impurity_split=None,
                       min_samples_leaf=1, min_samples_split=2,
                       min_weight_fraction_leaf=0.0, presort='deprecated',
                       random_state=0, splitter='best')
2022-02-10 17:17:07,683:INFO:create_model() succesfully completed......................................
2022-02-10 17:17:07,792:INFO:SubProcess create_model() end ==================================
2022-02-10 17:17:07,793:INFO:Creating metrics dataframe
2022-02-10 17:17:07,809:INFO:Initializing SVM - Linear Kernel
2022-02-10 17:17:07,809:INFO:Total runtime is 0.10955989360809326 minutes
2022-02-10 17:17:07,818:INFO:SubProcess create_model() called ==================================
2022-02-10 17:17:07,818:INFO:Initializing create_model()
2022-02-10 17:17:07,818:INFO:create_model(estimator=svm, fold=StratifiedKFold(n_splits=10, random_state=None, shuffle=False), round=4, cross_validation=True, predict=True, fit_kwargs={}, groups=None, refit=False, verbose=False, system=False, metrics=None, add_to_model_list=True, probability_threshold=None, display=<pycaret.internal.Display.Display object at 0x000001DD0D8AE310>, kwargs={})
2022-02-10 17:17:07,818:INFO:Checking exceptions
2022-02-10 17:17:07,818:INFO:Importing libraries
2022-02-10 17:17:07,818:INFO:Copying training dataset
2022-02-10 17:17:07,819:INFO:Defining folds
2022-02-10 17:17:07,819:INFO:Declaring metric variables
2022-02-10 17:17:07,828:INFO:Importing untrained model
2022-02-10 17:17:07,835:INFO:SVM - Linear Kernel Imported succesfully
2022-02-10 17:17:07,853:INFO:Starting cross validation
2022-02-10 17:17:07,854:INFO:Cross validating with StratifiedKFold(n_splits=10, random_state=None, shuffle=False), n_jobs=7
2022-02-10 17:17:08,003:INFO:Calculating mean and std
2022-02-10 17:17:08,004:INFO:Creating metrics dataframe
2022-02-10 17:17:08,008:INFO:Uploading results into container
2022-02-10 17:17:08,008:INFO:Uploading model into container now
2022-02-10 17:17:08,009:INFO:create_model_container: 5
2022-02-10 17:17:08,009:INFO:master_model_container: 5
2022-02-10 17:17:08,009:INFO:display_container: 2
2022-02-10 17:17:08,009:INFO:SGDClassifier(alpha=0.0001, average=False, class_weight=None,
              early_stopping=False, epsilon=0.1, eta0=0.001, fit_intercept=True,
              l1_ratio=0.15, learning_rate='optimal', loss='hinge',
              max_iter=1000, n_iter_no_change=5, n_jobs=7, penalty='l2',
              power_t=0.5, random_state=0, shuffle=True, tol=0.001,
              validation_fraction=0.1, verbose=0, warm_start=False)
2022-02-10 17:17:08,009:INFO:create_model() succesfully completed......................................
2022-02-10 17:17:08,117:INFO:SubProcess create_model() end ==================================
2022-02-10 17:17:08,117:INFO:Creating metrics dataframe
2022-02-10 17:17:08,133:INFO:Initializing Ridge Classifier
2022-02-10 17:17:08,133:INFO:Total runtime is 0.11495229403177896 minutes
2022-02-10 17:17:08,141:INFO:SubProcess create_model() called ==================================
2022-02-10 17:17:08,142:INFO:Initializing create_model()
2022-02-10 17:17:08,142:INFO:create_model(estimator=ridge, fold=StratifiedKFold(n_splits=10, random_state=None, shuffle=False), round=4, cross_validation=True, predict=True, fit_kwargs={}, groups=None, refit=False, verbose=False, system=False, metrics=None, add_to_model_list=True, probability_threshold=None, display=<pycaret.internal.Display.Display object at 0x000001DD0D8AE310>, kwargs={})
2022-02-10 17:17:08,142:INFO:Checking exceptions
2022-02-10 17:17:08,142:INFO:Importing libraries
2022-02-10 17:17:08,142:INFO:Copying training dataset
2022-02-10 17:17:08,143:INFO:Defining folds
2022-02-10 17:17:08,143:INFO:Declaring metric variables
2022-02-10 17:17:08,150:INFO:Importing untrained model
2022-02-10 17:17:08,160:INFO:Ridge Classifier Imported succesfully
2022-02-10 17:17:08,182:INFO:Starting cross validation
2022-02-10 17:17:08,183:INFO:Cross validating with StratifiedKFold(n_splits=10, random_state=None, shuffle=False), n_jobs=7
2022-02-10 17:17:08,250:INFO:Calculating mean and std
2022-02-10 17:17:08,252:INFO:Creating metrics dataframe
2022-02-10 17:17:08,256:INFO:Uploading results into container
2022-02-10 17:17:08,256:INFO:Uploading model into container now
2022-02-10 17:17:08,257:INFO:create_model_container: 6
2022-02-10 17:17:08,257:INFO:master_model_container: 6
2022-02-10 17:17:08,257:INFO:display_container: 2
2022-02-10 17:17:08,257:INFO:RidgeClassifier(alpha=1.0, class_weight=None, copy_X=True, fit_intercept=True,
                max_iter=None, normalize=False, random_state=0, solver='auto',
                tol=0.001)
2022-02-10 17:17:08,257:INFO:create_model() succesfully completed......................................
2022-02-10 17:17:08,369:INFO:SubProcess create_model() end ==================================
2022-02-10 17:17:08,370:INFO:Creating metrics dataframe
2022-02-10 17:17:08,385:INFO:Initializing Random Forest Classifier
2022-02-10 17:17:08,385:INFO:Total runtime is 0.11915234327316283 minutes
2022-02-10 17:17:08,395:INFO:SubProcess create_model() called ==================================
2022-02-10 17:17:08,395:INFO:Initializing create_model()
2022-02-10 17:17:08,395:INFO:create_model(estimator=rf, fold=StratifiedKFold(n_splits=10, random_state=None, shuffle=False), round=4, cross_validation=True, predict=True, fit_kwargs={}, groups=None, refit=False, verbose=False, system=False, metrics=None, add_to_model_list=True, probability_threshold=None, display=<pycaret.internal.Display.Display object at 0x000001DD0D8AE310>, kwargs={})
2022-02-10 17:17:08,395:INFO:Checking exceptions
2022-02-10 17:17:08,395:INFO:Importing libraries
2022-02-10 17:17:08,395:INFO:Copying training dataset
2022-02-10 17:17:08,396:INFO:Defining folds
2022-02-10 17:17:08,396:INFO:Declaring metric variables
2022-02-10 17:17:08,403:INFO:Importing untrained model
2022-02-10 17:17:08,412:INFO:Random Forest Classifier Imported succesfully
2022-02-10 17:17:08,430:INFO:Starting cross validation
2022-02-10 17:17:08,431:INFO:Cross validating with StratifiedKFold(n_splits=10, random_state=None, shuffle=False), n_jobs=7
2022-02-10 17:17:09,299:INFO:Calculating mean and std
2022-02-10 17:17:09,300:INFO:Creating metrics dataframe
2022-02-10 17:17:09,303:INFO:Uploading results into container
2022-02-10 17:17:09,303:INFO:Uploading model into container now
2022-02-10 17:17:09,303:INFO:create_model_container: 7
2022-02-10 17:17:09,304:INFO:master_model_container: 7
2022-02-10 17:17:09,304:INFO:display_container: 2
2022-02-10 17:17:09,304:INFO:RandomForestClassifier(bootstrap=True, ccp_alpha=0.0, class_weight=None,
                       criterion='gini', max_depth=None, max_features='auto',
                       max_leaf_nodes=None, max_samples=None,
                       min_impurity_decrease=0.0, min_impurity_split=None,
                       min_samples_leaf=1, min_samples_split=2,
                       min_weight_fraction_leaf=0.0, n_estimators=100, n_jobs=7,
                       oob_score=False, random_state=0, verbose=0,
                       warm_start=False)
2022-02-10 17:17:09,304:INFO:create_model() succesfully completed......................................
2022-02-10 17:17:09,415:INFO:SubProcess create_model() end ==================================
2022-02-10 17:17:09,415:INFO:Creating metrics dataframe
2022-02-10 17:17:09,431:INFO:Initializing Quadratic Discriminant Analysis
2022-02-10 17:17:09,431:INFO:Total runtime is 0.13658615748087563 minutes
2022-02-10 17:17:09,438:INFO:SubProcess create_model() called ==================================
2022-02-10 17:17:09,439:INFO:Initializing create_model()
2022-02-10 17:17:09,439:INFO:create_model(estimator=qda, fold=StratifiedKFold(n_splits=10, random_state=None, shuffle=False), round=4, cross_validation=True, predict=True, fit_kwargs={}, groups=None, refit=False, verbose=False, system=False, metrics=None, add_to_model_list=True, probability_threshold=None, display=<pycaret.internal.Display.Display object at 0x000001DD0D8AE310>, kwargs={})
2022-02-10 17:17:09,440:INFO:Checking exceptions
2022-02-10 17:17:09,440:INFO:Importing libraries
2022-02-10 17:17:09,440:INFO:Copying training dataset
2022-02-10 17:17:09,440:INFO:Defining folds
2022-02-10 17:17:09,441:INFO:Declaring metric variables
2022-02-10 17:17:09,448:INFO:Importing untrained model
2022-02-10 17:17:09,458:INFO:Quadratic Discriminant Analysis Imported succesfully
2022-02-10 17:17:09,475:INFO:Starting cross validation
2022-02-10 17:17:09,476:INFO:Cross validating with StratifiedKFold(n_splits=10, random_state=None, shuffle=False), n_jobs=7
2022-02-10 17:17:09,572:INFO:Calculating mean and std
2022-02-10 17:17:09,573:INFO:Creating metrics dataframe
2022-02-10 17:17:09,576:INFO:Uploading results into container
2022-02-10 17:17:09,577:INFO:Uploading model into container now
2022-02-10 17:17:09,577:INFO:create_model_container: 8
2022-02-10 17:17:09,577:INFO:master_model_container: 8
2022-02-10 17:17:09,577:INFO:display_container: 2
2022-02-10 17:17:09,577:INFO:QuadraticDiscriminantAnalysis(priors=None, reg_param=0.0,
                              store_covariance=False, tol=0.0001)
2022-02-10 17:17:09,577:INFO:create_model() succesfully completed......................................
2022-02-10 17:17:09,673:INFO:SubProcess create_model() end ==================================
2022-02-10 17:17:09,673:INFO:Creating metrics dataframe
2022-02-10 17:17:09,686:INFO:Initializing Ada Boost Classifier
2022-02-10 17:17:09,686:INFO:Total runtime is 0.14083629846572873 minutes
2022-02-10 17:17:09,694:INFO:SubProcess create_model() called ==================================
2022-02-10 17:17:09,695:INFO:Initializing create_model()
2022-02-10 17:17:09,695:INFO:create_model(estimator=ada, fold=StratifiedKFold(n_splits=10, random_state=None, shuffle=False), round=4, cross_validation=True, predict=True, fit_kwargs={}, groups=None, refit=False, verbose=False, system=False, metrics=None, add_to_model_list=True, probability_threshold=None, display=<pycaret.internal.Display.Display object at 0x000001DD0D8AE310>, kwargs={})
2022-02-10 17:17:09,695:INFO:Checking exceptions
2022-02-10 17:17:09,695:INFO:Importing libraries
2022-02-10 17:17:09,695:INFO:Copying training dataset
2022-02-10 17:17:09,696:INFO:Defining folds
2022-02-10 17:17:09,696:INFO:Declaring metric variables
2022-02-10 17:17:09,702:INFO:Importing untrained model
2022-02-10 17:17:09,710:INFO:Ada Boost Classifier Imported succesfully
2022-02-10 17:17:09,725:INFO:Starting cross validation
2022-02-10 17:17:09,726:INFO:Cross validating with StratifiedKFold(n_splits=10, random_state=None, shuffle=False), n_jobs=7
2022-02-10 17:17:10,335:INFO:Calculating mean and std
2022-02-10 17:17:10,336:INFO:Creating metrics dataframe
2022-02-10 17:17:10,341:INFO:Uploading results into container
2022-02-10 17:17:10,341:INFO:Uploading model into container now
2022-02-10 17:17:10,342:INFO:create_model_container: 9
2022-02-10 17:17:10,342:INFO:master_model_container: 9
2022-02-10 17:17:10,342:INFO:display_container: 2
2022-02-10 17:17:10,342:INFO:AdaBoostClassifier(algorithm='SAMME.R', base_estimator=None, learning_rate=1.0,
                   n_estimators=50, random_state=0)
2022-02-10 17:17:10,342:INFO:create_model() succesfully completed......................................
2022-02-10 17:17:10,448:INFO:SubProcess create_model() end ==================================
2022-02-10 17:17:10,448:INFO:Creating metrics dataframe
2022-02-10 17:17:10,462:INFO:Initializing Gradient Boosting Classifier
2022-02-10 17:17:10,462:INFO:Total runtime is 0.15376942555109657 minutes
2022-02-10 17:17:10,470:INFO:SubProcess create_model() called ==================================
2022-02-10 17:17:10,470:INFO:Initializing create_model()
2022-02-10 17:17:10,470:INFO:create_model(estimator=gbc, fold=StratifiedKFold(n_splits=10, random_state=None, shuffle=False), round=4, cross_validation=True, predict=True, fit_kwargs={}, groups=None, refit=False, verbose=False, system=False, metrics=None, add_to_model_list=True, probability_threshold=None, display=<pycaret.internal.Display.Display object at 0x000001DD0D8AE310>, kwargs={})
2022-02-10 17:17:10,470:INFO:Checking exceptions
2022-02-10 17:17:10,470:INFO:Importing libraries
2022-02-10 17:17:10,470:INFO:Copying training dataset
2022-02-10 17:17:10,472:INFO:Defining folds
2022-02-10 17:17:10,472:INFO:Declaring metric variables
2022-02-10 17:17:10,479:INFO:Importing untrained model
2022-02-10 17:17:10,486:INFO:Gradient Boosting Classifier Imported succesfully
2022-02-10 17:17:10,503:INFO:Starting cross validation
2022-02-10 17:17:10,504:INFO:Cross validating with StratifiedKFold(n_splits=10, random_state=None, shuffle=False), n_jobs=7
2022-02-10 17:17:11,505:INFO:Calculating mean and std
2022-02-10 17:17:11,506:INFO:Creating metrics dataframe
2022-02-10 17:17:11,509:INFO:Uploading results into container
2022-02-10 17:17:11,510:INFO:Uploading model into container now
2022-02-10 17:17:11,510:INFO:create_model_container: 10
2022-02-10 17:17:11,510:INFO:master_model_container: 10
2022-02-10 17:17:11,510:INFO:display_container: 2
2022-02-10 17:17:11,511:INFO:GradientBoostingClassifier(ccp_alpha=0.0, criterion='friedman_mse', init=None,
                           learning_rate=0.1, loss='deviance', max_depth=3,
                           max_features=None, max_leaf_nodes=None,
                           min_impurity_decrease=0.0, min_impurity_split=None,
                           min_samples_leaf=1, min_samples_split=2,
                           min_weight_fraction_leaf=0.0, n_estimators=100,
                           n_iter_no_change=None, presort='deprecated',
                           random_state=0, subsample=1.0, tol=0.0001,
                           validation_fraction=0.1, verbose=0,
                           warm_start=False)
2022-02-10 17:17:11,511:INFO:create_model() succesfully completed......................................
2022-02-10 17:17:11,613:INFO:SubProcess create_model() end ==================================
2022-02-10 17:17:11,614:INFO:Creating metrics dataframe
2022-02-10 17:17:11,630:INFO:Initializing Linear Discriminant Analysis
2022-02-10 17:17:11,630:INFO:Total runtime is 0.17324285507202147 minutes
2022-02-10 17:17:11,637:INFO:SubProcess create_model() called ==================================
2022-02-10 17:17:11,638:INFO:Initializing create_model()
2022-02-10 17:17:11,638:INFO:create_model(estimator=lda, fold=StratifiedKFold(n_splits=10, random_state=None, shuffle=False), round=4, cross_validation=True, predict=True, fit_kwargs={}, groups=None, refit=False, verbose=False, system=False, metrics=None, add_to_model_list=True, probability_threshold=None, display=<pycaret.internal.Display.Display object at 0x000001DD0D8AE310>, kwargs={})
2022-02-10 17:17:11,638:INFO:Checking exceptions
2022-02-10 17:17:11,638:INFO:Importing libraries
2022-02-10 17:17:11,638:INFO:Copying training dataset
2022-02-10 17:17:11,639:INFO:Defining folds
2022-02-10 17:17:11,640:INFO:Declaring metric variables
2022-02-10 17:17:11,647:INFO:Importing untrained model
2022-02-10 17:17:11,653:INFO:Linear Discriminant Analysis Imported succesfully
2022-02-10 17:17:11,668:INFO:Starting cross validation
2022-02-10 17:17:11,669:INFO:Cross validating with StratifiedKFold(n_splits=10, random_state=None, shuffle=False), n_jobs=7
2022-02-10 17:17:11,772:INFO:Calculating mean and std
2022-02-10 17:17:11,773:INFO:Creating metrics dataframe
2022-02-10 17:17:11,776:INFO:Uploading results into container
2022-02-10 17:17:11,777:INFO:Uploading model into container now
2022-02-10 17:17:11,777:INFO:create_model_container: 11
2022-02-10 17:17:11,777:INFO:master_model_container: 11
2022-02-10 17:17:11,777:INFO:display_container: 2
2022-02-10 17:17:11,777:INFO:LinearDiscriminantAnalysis(n_components=None, priors=None, shrinkage=None,
                           solver='svd', store_covariance=False, tol=0.0001)
2022-02-10 17:17:11,777:INFO:create_model() succesfully completed......................................
2022-02-10 17:17:11,878:INFO:SubProcess create_model() end ==================================
2022-02-10 17:17:11,878:INFO:Creating metrics dataframe
2022-02-10 17:17:11,895:INFO:Initializing Extra Trees Classifier
2022-02-10 17:17:11,895:INFO:Total runtime is 0.17765907446543375 minutes
2022-02-10 17:17:11,902:INFO:SubProcess create_model() called ==================================
2022-02-10 17:17:11,902:INFO:Initializing create_model()
2022-02-10 17:17:11,903:INFO:create_model(estimator=et, fold=StratifiedKFold(n_splits=10, random_state=None, shuffle=False), round=4, cross_validation=True, predict=True, fit_kwargs={}, groups=None, refit=False, verbose=False, system=False, metrics=None, add_to_model_list=True, probability_threshold=None, display=<pycaret.internal.Display.Display object at 0x000001DD0D8AE310>, kwargs={})
2022-02-10 17:17:11,903:INFO:Checking exceptions
2022-02-10 17:17:11,903:INFO:Importing libraries
2022-02-10 17:17:11,903:INFO:Copying training dataset
2022-02-10 17:17:11,904:INFO:Defining folds
2022-02-10 17:17:11,904:INFO:Declaring metric variables
2022-02-10 17:17:11,911:INFO:Importing untrained model
2022-02-10 17:17:11,918:INFO:Extra Trees Classifier Imported succesfully
2022-02-10 17:17:11,935:INFO:Starting cross validation
2022-02-10 17:17:11,935:INFO:Cross validating with StratifiedKFold(n_splits=10, random_state=None, shuffle=False), n_jobs=7
2022-02-10 17:17:12,790:INFO:Calculating mean and std
2022-02-10 17:17:12,791:INFO:Creating metrics dataframe
2022-02-10 17:17:12,794:INFO:Uploading results into container
2022-02-10 17:17:12,794:INFO:Uploading model into container now
2022-02-10 17:17:12,795:INFO:create_model_container: 12
2022-02-10 17:17:12,795:INFO:master_model_container: 12
2022-02-10 17:17:12,795:INFO:display_container: 2
2022-02-10 17:17:12,795:INFO:ExtraTreesClassifier(bootstrap=False, ccp_alpha=0.0, class_weight=None,
                     criterion='gini', max_depth=None, max_features='auto',
                     max_leaf_nodes=None, max_samples=None,
                     min_impurity_decrease=0.0, min_impurity_split=None,
                     min_samples_leaf=1, min_samples_split=2,
                     min_weight_fraction_leaf=0.0, n_estimators=100, n_jobs=7,
                     oob_score=False, random_state=0, verbose=0,
                     warm_start=False)
2022-02-10 17:17:12,795:INFO:create_model() succesfully completed......................................
2022-02-10 17:17:12,900:INFO:SubProcess create_model() end ==================================
2022-02-10 17:17:12,901:INFO:Creating metrics dataframe
2022-02-10 17:17:12,918:INFO:Initializing Light Gradient Boosting Machine
2022-02-10 17:17:12,918:INFO:Total runtime is 0.19470936059951782 minutes
2022-02-10 17:17:12,928:INFO:SubProcess create_model() called ==================================
2022-02-10 17:17:12,929:INFO:Initializing create_model()
2022-02-10 17:17:12,929:INFO:create_model(estimator=lightgbm, fold=StratifiedKFold(n_splits=10, random_state=None, shuffle=False), round=4, cross_validation=True, predict=True, fit_kwargs={}, groups=None, refit=False, verbose=False, system=False, metrics=None, add_to_model_list=True, probability_threshold=None, display=<pycaret.internal.Display.Display object at 0x000001DD0D8AE310>, kwargs={})
2022-02-10 17:17:12,929:INFO:Checking exceptions
2022-02-10 17:17:12,929:INFO:Importing libraries
2022-02-10 17:17:12,929:INFO:Copying training dataset
2022-02-10 17:17:12,930:INFO:Defining folds
2022-02-10 17:17:12,930:INFO:Declaring metric variables
2022-02-10 17:17:12,938:INFO:Importing untrained model
2022-02-10 17:17:12,946:INFO:Light Gradient Boosting Machine Imported succesfully
2022-02-10 17:17:12,966:INFO:Starting cross validation
2022-02-10 17:17:12,967:INFO:Cross validating with StratifiedKFold(n_splits=10, random_state=None, shuffle=False), n_jobs=7
2022-02-10 17:17:14,748:INFO:Calculating mean and std
2022-02-10 17:17:14,750:INFO:Creating metrics dataframe
2022-02-10 17:17:14,755:INFO:Uploading results into container
2022-02-10 17:17:14,756:INFO:Uploading model into container now
2022-02-10 17:17:14,756:INFO:create_model_container: 13
2022-02-10 17:17:14,756:INFO:master_model_container: 13
2022-02-10 17:17:14,756:INFO:display_container: 2
2022-02-10 17:17:14,757:INFO:LGBMClassifier(boosting_type='gbdt', class_weight=None, colsample_bytree=1.0,
               importance_type='split', learning_rate=0.1, max_depth=-1,
               min_child_samples=20, min_child_weight=0.001, min_split_gain=0.0,
               n_estimators=100, n_jobs=7, num_leaves=31, objective=None,
               random_state=0, reg_alpha=0.0, reg_lambda=0.0, silent=True,
               subsample=1.0, subsample_for_bin=200000, subsample_freq=0)
2022-02-10 17:17:14,757:INFO:create_model() succesfully completed......................................
2022-02-10 17:17:14,885:INFO:SubProcess create_model() end ==================================
2022-02-10 17:17:14,885:INFO:Creating metrics dataframe
2022-02-10 17:17:14,903:INFO:Initializing Dummy Classifier
2022-02-10 17:17:14,903:INFO:Total runtime is 0.22779465913772584 minutes
2022-02-10 17:17:14,912:INFO:SubProcess create_model() called ==================================
2022-02-10 17:17:14,912:INFO:Initializing create_model()
2022-02-10 17:17:14,913:INFO:create_model(estimator=dummy, fold=StratifiedKFold(n_splits=10, random_state=None, shuffle=False), round=4, cross_validation=True, predict=True, fit_kwargs={}, groups=None, refit=False, verbose=False, system=False, metrics=None, add_to_model_list=True, probability_threshold=None, display=<pycaret.internal.Display.Display object at 0x000001DD0D8AE310>, kwargs={})
2022-02-10 17:17:14,913:INFO:Checking exceptions
2022-02-10 17:17:14,913:INFO:Importing libraries
2022-02-10 17:17:14,913:INFO:Copying training dataset
2022-02-10 17:17:14,914:INFO:Defining folds
2022-02-10 17:17:14,914:INFO:Declaring metric variables
2022-02-10 17:17:14,921:INFO:Importing untrained model
2022-02-10 17:17:14,929:INFO:Dummy Classifier Imported succesfully
2022-02-10 17:17:14,948:INFO:Starting cross validation
2022-02-10 17:17:14,949:INFO:Cross validating with StratifiedKFold(n_splits=10, random_state=None, shuffle=False), n_jobs=7
2022-02-10 17:17:14,997:INFO:Calculating mean and std
2022-02-10 17:17:14,998:INFO:Creating metrics dataframe
2022-02-10 17:17:15,003:INFO:Uploading results into container
2022-02-10 17:17:15,003:INFO:Uploading model into container now
2022-02-10 17:17:15,003:INFO:create_model_container: 14
2022-02-10 17:17:15,003:INFO:master_model_container: 14
2022-02-10 17:17:15,004:INFO:display_container: 2
2022-02-10 17:17:15,005:INFO:DummyClassifier(constant=None, random_state=0, strategy='prior')
2022-02-10 17:17:15,005:INFO:create_model() succesfully completed......................................
2022-02-10 17:17:15,115:INFO:SubProcess create_model() end ==================================
2022-02-10 17:17:15,115:INFO:Creating metrics dataframe
2022-02-10 17:17:15,147:INFO:Initializing create_model()
2022-02-10 17:17:15,148:INFO:create_model(estimator=LGBMClassifier(boosting_type='gbdt', class_weight=None, colsample_bytree=1.0,
               importance_type='split', learning_rate=0.1, max_depth=-1,
               min_child_samples=20, min_child_weight=0.001, min_split_gain=0.0,
               n_estimators=100, n_jobs=7, num_leaves=31, objective=None,
               random_state=0, reg_alpha=0.0, reg_lambda=0.0, silent=True,
               subsample=1.0, subsample_for_bin=200000, subsample_freq=0), fold=StratifiedKFold(n_splits=10, random_state=None, shuffle=False), round=4, cross_validation=False, predict=False, fit_kwargs={}, groups=None, refit=True, verbose=False, system=False, metrics=None, add_to_model_list=True, probability_threshold=None, display=None, kwargs={})
2022-02-10 17:17:15,148:INFO:Checking exceptions
2022-02-10 17:17:15,148:INFO:Importing libraries
2022-02-10 17:17:15,148:INFO:Copying training dataset
2022-02-10 17:17:15,148:INFO:Defining folds
2022-02-10 17:17:15,148:INFO:Declaring metric variables
2022-02-10 17:17:15,148:INFO:Importing untrained model
2022-02-10 17:17:15,149:INFO:Declaring custom model
2022-02-10 17:17:15,149:INFO:Light Gradient Boosting Machine Imported succesfully
2022-02-10 17:17:15,150:INFO:Cross validation set to False
2022-02-10 17:17:15,150:INFO:Fitting Model
2022-02-10 17:17:15,239:INFO:LGBMClassifier(boosting_type='gbdt', class_weight=None, colsample_bytree=1.0,
               importance_type='split', learning_rate=0.1, max_depth=-1,
               min_child_samples=20, min_child_weight=0.001, min_split_gain=0.0,
               n_estimators=100, n_jobs=7, num_leaves=31, objective=None,
               random_state=0, reg_alpha=0.0, reg_lambda=0.0, silent=True,
               subsample=1.0, subsample_for_bin=200000, subsample_freq=0)
2022-02-10 17:17:15,239:INFO:create_models() succesfully completed......................................
2022-02-10 17:17:15,368:INFO:Initializing create_model()
2022-02-10 17:17:15,368:INFO:create_model(estimator=GradientBoostingClassifier(ccp_alpha=0.0, criterion='friedman_mse', init=None,
                           learning_rate=0.1, loss='deviance', max_depth=3,
                           max_features=None, max_leaf_nodes=None,
                           min_impurity_decrease=0.0, min_impurity_split=None,
                           min_samples_leaf=1, min_samples_split=2,
                           min_weight_fraction_leaf=0.0, n_estimators=100,
                           n_iter_no_change=None, presort='deprecated',
                           random_state=0, subsample=1.0, tol=0.0001,
                           validation_fraction=0.1, verbose=0,
                           warm_start=False), fold=StratifiedKFold(n_splits=10, random_state=None, shuffle=False), round=4, cross_validation=False, predict=False, fit_kwargs={}, groups=None, refit=True, verbose=False, system=False, metrics=None, add_to_model_list=True, probability_threshold=None, display=None, kwargs={})
2022-02-10 17:17:15,368:INFO:Checking exceptions
2022-02-10 17:17:15,368:INFO:Importing libraries
2022-02-10 17:17:15,369:INFO:Copying training dataset
2022-02-10 17:17:15,369:INFO:Defining folds
2022-02-10 17:17:15,369:INFO:Declaring metric variables
2022-02-10 17:17:15,369:INFO:Importing untrained model
2022-02-10 17:17:15,369:INFO:Declaring custom model
2022-02-10 17:17:15,370:INFO:Gradient Boosting Classifier Imported succesfully
2022-02-10 17:17:15,370:INFO:Cross validation set to False
2022-02-10 17:17:15,370:INFO:Fitting Model
2022-02-10 17:17:15,775:INFO:GradientBoostingClassifier(ccp_alpha=0.0, criterion='friedman_mse', init=None,
                           learning_rate=0.1, loss='deviance', max_depth=3,
                           max_features=None, max_leaf_nodes=None,
                           min_impurity_decrease=0.0, min_impurity_split=None,
                           min_samples_leaf=1, min_samples_split=2,
                           min_weight_fraction_leaf=0.0, n_estimators=100,
                           n_iter_no_change=None, presort='deprecated',
                           random_state=0, subsample=1.0, tol=0.0001,
                           validation_fraction=0.1, verbose=0,
                           warm_start=False)
2022-02-10 17:17:15,775:INFO:create_models() succesfully completed......................................
2022-02-10 17:17:15,885:INFO:Initializing create_model()
2022-02-10 17:17:15,885:INFO:create_model(estimator=ExtraTreesClassifier(bootstrap=False, ccp_alpha=0.0, class_weight=None,
                     criterion='gini', max_depth=None, max_features='auto',
                     max_leaf_nodes=None, max_samples=None,
                     min_impurity_decrease=0.0, min_impurity_split=None,
                     min_samples_leaf=1, min_samples_split=2,
                     min_weight_fraction_leaf=0.0, n_estimators=100, n_jobs=7,
                     oob_score=False, random_state=0, verbose=0,
                     warm_start=False), fold=StratifiedKFold(n_splits=10, random_state=None, shuffle=False), round=4, cross_validation=False, predict=False, fit_kwargs={}, groups=None, refit=True, verbose=False, system=False, metrics=None, add_to_model_list=True, probability_threshold=None, display=None, kwargs={})
2022-02-10 17:17:15,885:INFO:Checking exceptions
2022-02-10 17:17:15,885:INFO:Importing libraries
2022-02-10 17:17:15,885:INFO:Copying training dataset
2022-02-10 17:17:15,886:INFO:Defining folds
2022-02-10 17:17:15,886:INFO:Declaring metric variables
2022-02-10 17:17:15,886:INFO:Importing untrained model
2022-02-10 17:17:15,886:INFO:Declaring custom model
2022-02-10 17:17:15,887:INFO:Extra Trees Classifier Imported succesfully
2022-02-10 17:17:15,888:INFO:Cross validation set to False
2022-02-10 17:17:15,888:INFO:Fitting Model
2022-02-10 17:17:16,113:INFO:ExtraTreesClassifier(bootstrap=False, ccp_alpha=0.0, class_weight=None,
                     criterion='gini', max_depth=None, max_features='auto',
                     max_leaf_nodes=None, max_samples=None,
                     min_impurity_decrease=0.0, min_impurity_split=None,
                     min_samples_leaf=1, min_samples_split=2,
                     min_weight_fraction_leaf=0.0, n_estimators=100, n_jobs=7,
                     oob_score=False, random_state=0, verbose=0,
                     warm_start=False)
2022-02-10 17:17:16,113:INFO:create_models() succesfully completed......................................
2022-02-10 17:17:16,263:INFO:create_model_container: 14
2022-02-10 17:17:16,263:INFO:master_model_container: 14
2022-02-10 17:17:16,263:INFO:display_container: 2
2022-02-10 17:17:16,264:INFO:[LGBMClassifier(boosting_type='gbdt', class_weight=None, colsample_bytree=1.0,
               importance_type='split', learning_rate=0.1, max_depth=-1,
               min_child_samples=20, min_child_weight=0.001, min_split_gain=0.0,
               n_estimators=100, n_jobs=7, num_leaves=31, objective=None,
               random_state=0, reg_alpha=0.0, reg_lambda=0.0, silent=True,
               subsample=1.0, subsample_for_bin=200000, subsample_freq=0), GradientBoostingClassifier(ccp_alpha=0.0, criterion='friedman_mse', init=None,
                           learning_rate=0.1, loss='deviance', max_depth=3,
                           max_features=None, max_leaf_nodes=None,
                           min_impurity_decrease=0.0, min_impurity_split=None,
                           min_samples_leaf=1, min_samples_split=2,
                           min_weight_fraction_leaf=0.0, n_estimators=100,
                           n_iter_no_change=None, presort='deprecated',
                           random_state=0, subsample=1.0, tol=0.0001,
                           validation_fraction=0.1, verbose=0,
                           warm_start=False), ExtraTreesClassifier(bootstrap=False, ccp_alpha=0.0, class_weight=None,
                     criterion='gini', max_depth=None, max_features='auto',
                     max_leaf_nodes=None, max_samples=None,
                     min_impurity_decrease=0.0, min_impurity_split=None,
                     min_samples_leaf=1, min_samples_split=2,
                     min_weight_fraction_leaf=0.0, n_estimators=100, n_jobs=7,
                     oob_score=False, random_state=0, verbose=0,
                     warm_start=False)]
2022-02-10 17:17:16,264:INFO:compare_models() succesfully completed......................................
2022-02-10 17:17:45,287:INFO:Initializing blend_models()
2022-02-10 17:17:45,288:INFO:blend_models(estimator_list=[LGBMClassifier(boosting_type='gbdt', class_weight=None, colsample_bytree=1.0,
               importance_type='split', learning_rate=0.1, max_depth=-1,
               min_child_samples=20, min_child_weight=0.001, min_split_gain=0.0,
               n_estimators=100, n_jobs=7, num_leaves=31, objective=None,
               random_state=0, reg_alpha=0.0, reg_lambda=0.0, silent=True,
               subsample=1.0, subsample_for_bin=200000, subsample_freq=0), GradientBoostingClassifier(ccp_alpha=0.0, criterion='friedman_mse', init=None,
                           learning_rate=0.1, loss='deviance', max_depth=3,
                           max_features=None, max_leaf_nodes=None,
                           min_impurity_decrease=0.0, min_impurity_split=None,
                           min_samples_leaf=1, min_samples_split=2,
                           min_weight_fraction_leaf=0.0, n_estimators=100,
                           n_iter_no_change=None, presort='deprecated',
                           random_state=0, subsample=1.0, tol=0.0001,
                           validation_fraction=0.1, verbose=0,
                           warm_start=False), ExtraTreesClassifier(bootstrap=False, ccp_alpha=0.0, class_weight=None,
                     criterion='gini', max_depth=None, max_features='auto',
                     max_leaf_nodes=None, max_samples=None,
                     min_impurity_decrease=0.0, min_impurity_split=None,
                     min_samples_leaf=1, min_samples_split=2,
                     min_weight_fraction_leaf=0.0, n_estimators=100, n_jobs=7,
                     oob_score=False, random_state=0, verbose=0,
                     warm_start=False)], fold=None, round=4, choose_better=True, optimize=Accuracy, method=soft, weights=None, fit_kwargs=None, groups=None, probability_threshold=None, verbose=True, display=None)
2022-02-10 17:17:45,288:INFO:Checking exceptions
2022-02-10 17:17:45,288:INFO:Preparing display monitor
2022-02-10 17:17:45,309:INFO:Importing libraries
2022-02-10 17:17:45,310:INFO:Copying training dataset
2022-02-10 17:17:45,318:INFO:Getting model names
2022-02-10 17:17:45,329:INFO:SubProcess create_model() called ==================================
2022-02-10 17:17:45,334:INFO:Initializing create_model()
2022-02-10 17:17:45,334:INFO:create_model(estimator=VotingClassifier(estimators=[('lightgbm',
                              LGBMClassifier(boosting_type='gbdt',
                                             class_weight=None,
                                             colsample_bytree=1.0,
                                             importance_type='split',
                                             learning_rate=0.1, max_depth=-1,
                                             min_child_samples=20,
                                             min_child_weight=0.001,
                                             min_split_gain=0.0,
                                             n_estimators=100, n_jobs=7,
                                             num_leaves=31, objective=None,
                                             random_state=0, reg_alpha=0.0,
                                             reg_lambda=0.0, silent=True,
                                             subsa...
                                                   max_depth=None,
                                                   max_features='auto',
                                                   max_leaf_nodes=None,
                                                   max_samples=None,
                                                   min_impurity_decrease=0.0,
                                                   min_impurity_split=None,
                                                   min_samples_leaf=1,
                                                   min_samples_split=2,
                                                   min_weight_fraction_leaf=0.0,
                                                   n_estimators=100, n_jobs=7,
                                                   oob_score=False,
                                                   random_state=0, verbose=0,
                                                   warm_start=False))],
                 flatten_transform=True, n_jobs=7, verbose=False, voting='soft',
                 weights=None), fold=StratifiedKFold(n_splits=10, random_state=None, shuffle=False), round=4, cross_validation=True, predict=True, fit_kwargs={}, groups=None, refit=True, verbose=True, system=False, metrics=None, add_to_model_list=True, probability_threshold=None, display=<pycaret.internal.Display.Display object at 0x000001DD0D94BE20>, kwargs={})
2022-02-10 17:17:45,334:INFO:Checking exceptions
2022-02-10 17:17:45,334:INFO:Importing libraries
2022-02-10 17:17:45,334:INFO:Copying training dataset
2022-02-10 17:17:45,336:INFO:Defining folds
2022-02-10 17:17:45,336:INFO:Declaring metric variables
2022-02-10 17:17:45,347:INFO:Importing untrained model
2022-02-10 17:17:45,348:INFO:Declaring custom model
2022-02-10 17:17:45,360:INFO:Voting Classifier Imported succesfully
2022-02-10 17:17:45,378:INFO:Starting cross validation
2022-02-10 17:17:45,379:INFO:Cross validating with StratifiedKFold(n_splits=10, random_state=None, shuffle=False), n_jobs=7
2022-02-10 17:17:47,808:INFO:Calculating mean and std
2022-02-10 17:17:47,809:INFO:Creating metrics dataframe
2022-02-10 17:17:47,822:INFO:Finalizing model
2022-02-10 17:17:48,361:INFO:Uploading results into container
2022-02-10 17:17:48,361:INFO:Uploading model into container now
2022-02-10 17:17:48,362:INFO:create_model_container: 15
2022-02-10 17:17:48,362:INFO:master_model_container: 15
2022-02-10 17:17:48,362:INFO:display_container: 3
2022-02-10 17:17:48,366:INFO:VotingClassifier(estimators=[('lightgbm',
                              LGBMClassifier(boosting_type='gbdt',
                                             class_weight=None,
                                             colsample_bytree=1.0,
                                             importance_type='split',
                                             learning_rate=0.1, max_depth=-1,
                                             min_child_samples=20,
                                             min_child_weight=0.001,
                                             min_split_gain=0.0,
                                             n_estimators=100, n_jobs=7,
                                             num_leaves=31, objective=None,
                                             random_state=0, reg_alpha=0.0,
                                             reg_lambda=0.0, silent=True,
                                             subsa...
                                                   max_depth=None,
                                                   max_features='auto',
                                                   max_leaf_nodes=None,
                                                   max_samples=None,
                                                   min_impurity_decrease=0.0,
                                                   min_impurity_split=None,
                                                   min_samples_leaf=1,
                                                   min_samples_split=2,
                                                   min_weight_fraction_leaf=0.0,
                                                   n_estimators=100, n_jobs=7,
                                                   oob_score=False,
                                                   random_state=0, verbose=0,
                                                   warm_start=False))],
                 flatten_transform=True, n_jobs=7, verbose=False, voting='soft',
                 weights=None)
2022-02-10 17:17:48,366:INFO:create_model() succesfully completed......................................
2022-02-10 17:17:48,474:INFO:SubProcess create_model() end ==================================
2022-02-10 17:17:48,474:INFO:choose_better activated
2022-02-10 17:17:48,486:INFO:VotingClassifier(estimators=[('lightgbm',
                              LGBMClassifier(boosting_type='gbdt',
                                             class_weight=None,
                                             colsample_bytree=1.0,
                                             importance_type='split',
                                             learning_rate=0.1, max_depth=-1,
                                             min_child_samples=20,
                                             min_child_weight=0.001,
                                             min_split_gain=0.0,
                                             n_estimators=100, n_jobs=7,
                                             num_leaves=31, objective=None,
                                             random_state=0, reg_alpha=0.0,
                                             reg_lambda=0.0, silent=True,
                                             subsa...
                                                   max_depth=None,
                                                   max_features='auto',
                                                   max_leaf_nodes=None,
                                                   max_samples=None,
                                                   min_impurity_decrease=0.0,
                                                   min_impurity_split=None,
                                                   min_samples_leaf=1,
                                                   min_samples_split=2,
                                                   min_weight_fraction_leaf=0.0,
                                                   n_estimators=100, n_jobs=7,
                                                   oob_score=False,
                                                   random_state=0, verbose=0,
                                                   warm_start=False))],
                 flatten_transform=True, n_jobs=7, verbose=False, voting='soft',
                 weights=None) result for Accuracy is 0.922
2022-02-10 17:17:48,486:INFO:SubProcess create_model() called ==================================
2022-02-10 17:17:48,487:INFO:Initializing create_model()
2022-02-10 17:17:48,487:INFO:create_model(estimator=LGBMClassifier(boosting_type='gbdt', class_weight=None, colsample_bytree=1.0,
               importance_type='split', learning_rate=0.1, max_depth=-1,
               min_child_samples=20, min_child_weight=0.001, min_split_gain=0.0,
               n_estimators=100, n_jobs=7, num_leaves=31, objective=None,
               random_state=0, reg_alpha=0.0, reg_lambda=0.0, silent=True,
               subsample=1.0, subsample_for_bin=200000, subsample_freq=0), fold=StratifiedKFold(n_splits=10, random_state=None, shuffle=False), round=4, cross_validation=True, predict=True, fit_kwargs={}, groups=None, refit=True, verbose=False, system=False, metrics=None, add_to_model_list=True, probability_threshold=None, display=None, kwargs={})
2022-02-10 17:17:48,487:INFO:Checking exceptions
2022-02-10 17:17:48,487:INFO:Importing libraries
2022-02-10 17:17:48,487:INFO:Copying training dataset
2022-02-10 17:17:48,487:INFO:Defining folds
2022-02-10 17:17:48,487:INFO:Declaring metric variables
2022-02-10 17:17:48,487:INFO:Importing untrained model
2022-02-10 17:17:48,487:INFO:Declaring custom model
2022-02-10 17:17:48,488:INFO:Light Gradient Boosting Machine Imported succesfully
2022-02-10 17:17:48,488:INFO:Starting cross validation
2022-02-10 17:17:48,489:INFO:Cross validating with StratifiedKFold(n_splits=10, random_state=None, shuffle=False), n_jobs=7
2022-02-10 17:17:49,183:INFO:Calculating mean and std
2022-02-10 17:17:49,183:INFO:Creating metrics dataframe
2022-02-10 17:17:49,187:INFO:Finalizing model
2022-02-10 17:17:49,304:INFO:Uploading results into container
2022-02-10 17:17:49,304:INFO:Uploading model into container now
2022-02-10 17:17:49,304:INFO:create_model_container: 16
2022-02-10 17:17:49,304:INFO:master_model_container: 16
2022-02-10 17:17:49,305:INFO:display_container: 4
2022-02-10 17:17:49,305:INFO:LGBMClassifier(boosting_type='gbdt', class_weight=None, colsample_bytree=1.0,
               importance_type='split', learning_rate=0.1, max_depth=-1,
               min_child_samples=20, min_child_weight=0.001, min_split_gain=0.0,
               n_estimators=100, n_jobs=7, num_leaves=31, objective=None,
               random_state=0, reg_alpha=0.0, reg_lambda=0.0, silent=True,
               subsample=1.0, subsample_for_bin=200000, subsample_freq=0)
2022-02-10 17:17:49,305:INFO:create_model() succesfully completed......................................
2022-02-10 17:17:49,430:INFO:SubProcess create_model() end ==================================
2022-02-10 17:17:49,431:INFO:LGBMClassifier(boosting_type='gbdt', class_weight=None, colsample_bytree=1.0,
               importance_type='split', learning_rate=0.1, max_depth=-1,
               min_child_samples=20, min_child_weight=0.001, min_split_gain=0.0,
               n_estimators=100, n_jobs=7, num_leaves=31, objective=None,
               random_state=0, reg_alpha=0.0, reg_lambda=0.0, silent=True,
               subsample=1.0, subsample_for_bin=200000, subsample_freq=0) result for Accuracy is 0.9244
2022-02-10 17:17:49,431:INFO:SubProcess create_model() called ==================================
2022-02-10 17:17:49,432:INFO:Initializing create_model()
2022-02-10 17:17:49,432:INFO:create_model(estimator=GradientBoostingClassifier(ccp_alpha=0.0, criterion='friedman_mse', init=None,
                           learning_rate=0.1, loss='deviance', max_depth=3,
                           max_features=None, max_leaf_nodes=None,
                           min_impurity_decrease=0.0, min_impurity_split=None,
                           min_samples_leaf=1, min_samples_split=2,
                           min_weight_fraction_leaf=0.0, n_estimators=100,
                           n_iter_no_change=None, presort='deprecated',
                           random_state=0, subsample=1.0, tol=0.0001,
                           validation_fraction=0.1, verbose=0,
                           warm_start=False), fold=StratifiedKFold(n_splits=10, random_state=None, shuffle=False), round=4, cross_validation=True, predict=True, fit_kwargs={}, groups=None, refit=True, verbose=False, system=False, metrics=None, add_to_model_list=True, probability_threshold=None, display=None, kwargs={})
2022-02-10 17:17:49,432:INFO:Checking exceptions
2022-02-10 17:17:49,432:INFO:Importing libraries
2022-02-10 17:17:49,432:INFO:Copying training dataset
2022-02-10 17:17:49,433:INFO:Defining folds
2022-02-10 17:17:49,433:INFO:Declaring metric variables
2022-02-10 17:17:49,433:INFO:Importing untrained model
2022-02-10 17:17:49,433:INFO:Declaring custom model
2022-02-10 17:17:49,433:INFO:Gradient Boosting Classifier Imported succesfully
2022-02-10 17:17:49,433:INFO:Starting cross validation
2022-02-10 17:17:49,434:INFO:Cross validating with StratifiedKFold(n_splits=10, random_state=None, shuffle=False), n_jobs=7
2022-02-10 17:17:50,579:INFO:Calculating mean and std
2022-02-10 17:17:50,579:INFO:Creating metrics dataframe
2022-02-10 17:17:50,582:INFO:Finalizing model
2022-02-10 17:17:50,962:INFO:Uploading results into container
2022-02-10 17:17:50,962:INFO:Uploading model into container now
2022-02-10 17:17:50,963:INFO:create_model_container: 17
2022-02-10 17:17:50,963:INFO:master_model_container: 17
2022-02-10 17:17:50,963:INFO:display_container: 4
2022-02-10 17:17:50,963:INFO:GradientBoostingClassifier(ccp_alpha=0.0, criterion='friedman_mse', init=None,
                           learning_rate=0.1, loss='deviance', max_depth=3,
                           max_features=None, max_leaf_nodes=None,
                           min_impurity_decrease=0.0, min_impurity_split=None,
                           min_samples_leaf=1, min_samples_split=2,
                           min_weight_fraction_leaf=0.0, n_estimators=100,
                           n_iter_no_change=None, presort='deprecated',
                           random_state=0, subsample=1.0, tol=0.0001,
                           validation_fraction=0.1, verbose=0,
                           warm_start=False)
2022-02-10 17:17:50,963:INFO:create_model() succesfully completed......................................
2022-02-10 17:17:51,067:INFO:SubProcess create_model() end ==================================
2022-02-10 17:17:51,068:INFO:GradientBoostingClassifier(ccp_alpha=0.0, criterion='friedman_mse', init=None,
                           learning_rate=0.1, loss='deviance', max_depth=3,
                           max_features=None, max_leaf_nodes=None,
                           min_impurity_decrease=0.0, min_impurity_split=None,
                           min_samples_leaf=1, min_samples_split=2,
                           min_weight_fraction_leaf=0.0, n_estimators=100,
                           n_iter_no_change=None, presort='deprecated',
                           random_state=0, subsample=1.0, tol=0.0001,
                           validation_fraction=0.1, verbose=0,
                           warm_start=False) result for Accuracy is 0.911
2022-02-10 17:17:51,068:INFO:SubProcess create_model() called ==================================
2022-02-10 17:17:51,069:INFO:Initializing create_model()
2022-02-10 17:17:51,069:INFO:create_model(estimator=ExtraTreesClassifier(bootstrap=False, ccp_alpha=0.0, class_weight=None,
                     criterion='gini', max_depth=None, max_features='auto',
                     max_leaf_nodes=None, max_samples=None,
                     min_impurity_decrease=0.0, min_impurity_split=None,
                     min_samples_leaf=1, min_samples_split=2,
                     min_weight_fraction_leaf=0.0, n_estimators=100, n_jobs=7,
                     oob_score=False, random_state=0, verbose=0,
                     warm_start=False), fold=StratifiedKFold(n_splits=10, random_state=None, shuffle=False), round=4, cross_validation=True, predict=True, fit_kwargs={}, groups=None, refit=True, verbose=False, system=False, metrics=None, add_to_model_list=True, probability_threshold=None, display=None, kwargs={})
2022-02-10 17:17:51,069:INFO:Checking exceptions
2022-02-10 17:17:51,069:INFO:Importing libraries
2022-02-10 17:17:51,069:INFO:Copying training dataset
2022-02-10 17:17:51,069:INFO:Defining folds
2022-02-10 17:17:51,069:INFO:Declaring metric variables
2022-02-10 17:17:51,069:INFO:Importing untrained model
2022-02-10 17:17:51,069:INFO:Declaring custom model
2022-02-10 17:17:51,070:INFO:Extra Trees Classifier Imported succesfully
2022-02-10 17:17:51,070:INFO:Starting cross validation
2022-02-10 17:17:51,070:INFO:Cross validating with StratifiedKFold(n_splits=10, random_state=None, shuffle=False), n_jobs=7
2022-02-10 17:17:51,875:INFO:Calculating mean and std
2022-02-10 17:17:51,875:INFO:Creating metrics dataframe
2022-02-10 17:17:51,878:INFO:Finalizing model
2022-02-10 17:17:52,103:INFO:Uploading results into container
2022-02-10 17:17:52,103:INFO:Uploading model into container now
2022-02-10 17:17:52,103:INFO:create_model_container: 18
2022-02-10 17:17:52,103:INFO:master_model_container: 18
2022-02-10 17:17:52,103:INFO:display_container: 4
2022-02-10 17:17:52,103:INFO:ExtraTreesClassifier(bootstrap=False, ccp_alpha=0.0, class_weight=None,
                     criterion='gini', max_depth=None, max_features='auto',
                     max_leaf_nodes=None, max_samples=None,
                     min_impurity_decrease=0.0, min_impurity_split=None,
                     min_samples_leaf=1, min_samples_split=2,
                     min_weight_fraction_leaf=0.0, n_estimators=100, n_jobs=7,
                     oob_score=False, random_state=0, verbose=0,
                     warm_start=False)
2022-02-10 17:17:52,103:INFO:create_model() succesfully completed......................................
2022-02-10 17:17:52,204:INFO:SubProcess create_model() end ==================================
2022-02-10 17:17:52,205:INFO:ExtraTreesClassifier(bootstrap=False, ccp_alpha=0.0, class_weight=None,
                     criterion='gini', max_depth=None, max_features='auto',
                     max_leaf_nodes=None, max_samples=None,
                     min_impurity_decrease=0.0, min_impurity_split=None,
                     min_samples_leaf=1, min_samples_split=2,
                     min_weight_fraction_leaf=0.0, n_estimators=100, n_jobs=7,
                     oob_score=False, random_state=0, verbose=0,
                     warm_start=False) result for Accuracy is 0.9096
2022-02-10 17:17:52,205:INFO:LGBMClassifier(boosting_type='gbdt', class_weight=None, colsample_bytree=1.0,
               importance_type='split', learning_rate=0.1, max_depth=-1,
               min_child_samples=20, min_child_weight=0.001, min_split_gain=0.0,
               n_estimators=100, n_jobs=7, num_leaves=31, objective=None,
               random_state=0, reg_alpha=0.0, reg_lambda=0.0, silent=True,
               subsample=1.0, subsample_for_bin=200000, subsample_freq=0) is best model
2022-02-10 17:17:52,205:INFO:choose_better completed
2022-02-10 17:17:52,216:INFO:create_model_container: 18
2022-02-10 17:17:52,216:INFO:master_model_container: 18
2022-02-10 17:17:52,216:INFO:display_container: 3
2022-02-10 17:17:52,216:INFO:LGBMClassifier(boosting_type='gbdt', class_weight=None, colsample_bytree=1.0,
               importance_type='split', learning_rate=0.1, max_depth=-1,
               min_child_samples=20, min_child_weight=0.001, min_split_gain=0.0,
               n_estimators=100, n_jobs=7, num_leaves=31, objective=None,
               random_state=0, reg_alpha=0.0, reg_lambda=0.0, silent=True,
               subsample=1.0, subsample_for_bin=200000, subsample_freq=0)
2022-02-10 17:17:52,216:INFO:blend_models() succesfully completed......................................
2022-02-10 17:17:52,331:INFO:Initializing predict_model()
2022-02-10 17:17:52,332:INFO:predict_model(estimator=LGBMClassifier(boosting_type='gbdt', class_weight=None, colsample_bytree=1.0,
               importance_type='split', learning_rate=0.1, max_depth=-1,
               min_child_samples=20, min_child_weight=0.001, min_split_gain=0.0,
               n_estimators=100, n_jobs=7, num_leaves=31, objective=None,
               random_state=0, reg_alpha=0.0, reg_lambda=0.0, silent=True,
               subsample=1.0, subsample_for_bin=200000, subsample_freq=0), probability_threshold=None, encoded_labels=False, drift_report=False, raw_score=False, round=4, verbose=True, ml_usecase=MLUsecase.CLASSIFICATION, display=None)
2022-02-10 17:17:52,332:INFO:Checking exceptions
2022-02-10 17:17:52,332:INFO:Preloading libraries
2022-02-10 17:17:52,332:INFO:Preparing display monitor
2022-02-10 17:19:10,757:INFO:Initializing finalize_model()
2022-02-10 17:19:10,757:INFO:finalize_model(estimator=LGBMClassifier(boosting_type='gbdt', class_weight=None, colsample_bytree=1.0,
               importance_type='split', learning_rate=0.1, max_depth=-1,
               min_child_samples=20, min_child_weight=0.001, min_split_gain=0.0,
               n_estimators=100, n_jobs=7, num_leaves=31, objective=None,
               random_state=0, reg_alpha=0.0, reg_lambda=0.0, silent=True,
               subsample=1.0, subsample_for_bin=200000, subsample_freq=0), fit_kwargs=None, groups=None, model_only=True, display=None)
2022-02-10 17:19:10,758:INFO:Finalizing LGBMClassifier(boosting_type='gbdt', class_weight=None, colsample_bytree=1.0,
               importance_type='split', learning_rate=0.1, max_depth=-1,
               min_child_samples=20, min_child_weight=0.001, min_split_gain=0.0,
               n_estimators=100, n_jobs=7, num_leaves=31, objective=None,
               random_state=0, reg_alpha=0.0, reg_lambda=0.0, silent=True,
               subsample=1.0, subsample_for_bin=200000, subsample_freq=0)
2022-02-10 17:19:10,759:INFO:Initializing create_model()
2022-02-10 17:19:10,759:INFO:create_model(estimator=LGBMClassifier(boosting_type='gbdt', class_weight=None, colsample_bytree=1.0,
               importance_type='split', learning_rate=0.1, max_depth=-1,
               min_child_samples=20, min_child_weight=0.001, min_split_gain=0.0,
               n_estimators=100, n_jobs=7, num_leaves=31, objective=None,
               random_state=0, reg_alpha=0.0, reg_lambda=0.0, silent=True,
               subsample=1.0, subsample_for_bin=200000, subsample_freq=0), fold=None, round=4, cross_validation=True, predict=True, fit_kwargs={}, groups=None, refit=True, verbose=False, system=False, metrics=None, add_to_model_list=False, probability_threshold=None, display=None, kwargs={})
2022-02-10 17:19:10,759:INFO:Checking exceptions
2022-02-10 17:19:10,759:INFO:Importing libraries
2022-02-10 17:19:10,759:INFO:Copying training dataset
2022-02-10 17:19:10,760:INFO:Defining folds
2022-02-10 17:19:10,760:INFO:Declaring metric variables
2022-02-10 17:19:10,760:INFO:Importing untrained model
2022-02-10 17:19:10,760:INFO:Declaring custom model
2022-02-10 17:19:10,761:INFO:Light Gradient Boosting Machine Imported succesfully
2022-02-10 17:19:10,761:INFO:Starting cross validation
2022-02-10 17:19:10,762:INFO:Cross validating with StratifiedKFold(n_splits=10, random_state=None, shuffle=False), n_jobs=7
2022-02-10 17:19:11,508:INFO:Calculating mean and std
2022-02-10 17:19:11,509:INFO:Creating metrics dataframe
2022-02-10 17:19:11,513:INFO:Finalizing model
2022-02-10 17:19:11,631:INFO:create_model_container: 18
2022-02-10 17:19:11,631:INFO:master_model_container: 18
2022-02-10 17:19:11,631:INFO:display_container: 5
2022-02-10 17:19:11,632:INFO:LGBMClassifier(boosting_type='gbdt', class_weight=None, colsample_bytree=1.0,
               importance_type='split', learning_rate=0.1, max_depth=-1,
               min_child_samples=20, min_child_weight=0.001, min_split_gain=0.0,
               n_estimators=100, n_jobs=7, num_leaves=31, objective=None,
               random_state=0, reg_alpha=0.0, reg_lambda=0.0, silent=True,
               subsample=1.0, subsample_for_bin=200000, subsample_freq=0)
2022-02-10 17:19:11,632:INFO:create_model() succesfully completed......................................
2022-02-10 17:19:11,759:INFO:create_model_container: 18
2022-02-10 17:19:11,759:INFO:master_model_container: 18
2022-02-10 17:19:11,759:INFO:display_container: 4
2022-02-10 17:19:11,759:INFO:LGBMClassifier(boosting_type='gbdt', class_weight=None, colsample_bytree=1.0,
               importance_type='split', learning_rate=0.1, max_depth=-1,
               min_child_samples=20, min_child_weight=0.001, min_split_gain=0.0,
               n_estimators=100, n_jobs=7, num_leaves=31, objective=None,
               random_state=0, reg_alpha=0.0, reg_lambda=0.0, silent=True,
               subsample=1.0, subsample_for_bin=200000, subsample_freq=0)
2022-02-10 17:19:11,759:INFO:finalize_model() succesfully completed......................................
2022-02-10 17:19:11,863:INFO:Initializing predict_model()
2022-02-10 17:19:11,863:INFO:predict_model(estimator=LGBMClassifier(boosting_type='gbdt', class_weight=None, colsample_bytree=1.0,
               importance_type='split', learning_rate=0.1, max_depth=-1,
               min_child_samples=20, min_child_weight=0.001, min_split_gain=0.0,
               n_estimators=100, n_jobs=7, num_leaves=31, objective=None,
               random_state=0, reg_alpha=0.0, reg_lambda=0.0, silent=True,
               subsample=1.0, subsample_for_bin=200000, subsample_freq=0), probability_threshold=None, encoded_labels=False, drift_report=False, raw_score=False, round=4, verbose=True, ml_usecase=MLUsecase.CLASSIFICATION, display=None)
2022-02-10 17:19:11,863:INFO:Checking exceptions
2022-02-10 17:19:11,863:INFO:Preloading libraries
2022-02-10 17:19:11,863:INFO:Preparing display monitor
